<?xml version="1.0" encoding="UTF-8"?>
<!-- Generated by org.testng.reporters.JUnitReportReporter -->
<testsuite hostname="DESKTOP-NH1F2IF" failures="0" tests="1" name="gaming.Sample" time="81.213" errors="0" timestamp="2023-12-22T15:47:19 IST" skipped="0">
  <testcase classname="gaming.Sample" name="complete" time="81.213"/>
  <system-out/>
</testsuite> <!-- gaming.Sample -->
